<?xml version="1.0" encoding="UTF-8"?>
<testng-results ignored="0" total="1" passed="1" failed="0" skipped="0">
  <reporter-output>
  </reporter-output>
  <suite started-at="2023-01-03T13:57:19 IST" name="Suite" finished-at="2023-01-03T13:58:28 IST" duration-ms="68023">
    <groups>
    </groups>
    <test started-at="2023-01-03T13:57:19 IST" name="Test" finished-at="2023-01-03T13:58:28 IST" duration-ms="68023">
      <class name="com.qa.tests.LoginTest">
        <test-method is-config="true" signature="beforeTest(java.lang.String,java.lang.String,java.lang.String)[pri:0, instance:com.qa.tests.LoginTest@6e2829c7]" started-at="2023-01-03T13:57:20 IST" name="beforeTest" finished-at="2023-01-03T13:57:32 IST" duration-ms="12020" status="PASS">
          <params>
            <param index="0">
              <value>
                <![CDATA[Android]]>
              </value>
            </param>
            <param index="1">
              <value>
                <![CDATA[9.0]]>
              </value>
            </param>
            <param index="2">
              <value>
                <![CDATA[moto]]>
              </value>
            </param>
          </params>
          <reporter-output>
          </reporter-output>
        </test-method> <!-- beforeTest -->
        <test-method is-config="true" signature="AppiumConfigration()[pri:0, instance:com.qa.tests.LoginTest@6e2829c7]" started-at="2023-01-03T13:57:32 IST" name="AppiumConfigration" finished-at="2023-01-03T13:57:32 IST" duration-ms="46" status="PASS">
          <reporter-output>
          </reporter-output>
        </test-method> <!-- AppiumConfigration -->
        <test-method is-config="true" signature="beforeClass()[pri:0, instance:com.qa.tests.LoginTest@6e2829c7]" started-at="2023-01-03T13:57:32 IST" name="beforeClass" finished-at="2023-01-03T13:57:32 IST" duration-ms="0" status="PASS">
          <reporter-output>
          </reporter-output>
        </test-method> <!-- beforeClass -->
        <test-method is-config="true" signature="beforeMethod(java.lang.reflect.Method)[pri:0, instance:com.qa.tests.LoginTest@6e2829c7]" started-at="2023-01-03T13:57:32 IST" name="beforeMethod" finished-at="2023-01-03T13:57:32 IST" duration-ms="1" status="PASS">
          <params>
            <param index="0">
              <value>
                <![CDATA[public void com.qa.tests.LoginTest.loginFeature() throws java.lang.InterruptedException]]>
              </value>
            </param>
          </params>
          <reporter-output>
          </reporter-output>
        </test-method> <!-- beforeMethod -->
        <test-method signature="loginFeature()[pri:0, instance:com.qa.tests.LoginTest@6e2829c7]" started-at="2023-01-03T13:57:32 IST" name="loginFeature" finished-at="2023-01-03T13:58:27 IST" duration-ms="55196" status="PASS">
          <reporter-output>
          </reporter-output>
        </test-method> <!-- loginFeature -->
        <test-method is-config="true" signature="afterMethod()[pri:0, instance:com.qa.tests.LoginTest@6e2829c7]" started-at="2023-01-03T13:58:27 IST" name="afterMethod" finished-at="2023-01-03T13:58:27 IST" duration-ms="0" status="PASS">
          <reporter-output>
          </reporter-output>
        </test-method> <!-- afterMethod -->
        <test-method is-config="true" signature="afterClass()[pri:0, instance:com.qa.tests.LoginTest@6e2829c7]" started-at="2023-01-03T13:58:27 IST" name="afterClass" finished-at="2023-01-03T13:58:27 IST" duration-ms="0" status="PASS">
          <reporter-output>
          </reporter-output>
        </test-method> <!-- afterClass -->
        <test-method is-config="true" signature="afterTest()[pri:0, instance:com.qa.tests.LoginTest@6e2829c7]" started-at="2023-01-03T13:58:27 IST" name="afterTest" finished-at="2023-01-03T13:58:28 IST" duration-ms="696" status="PASS">
          <reporter-output>
          </reporter-output>
        </test-method> <!-- afterTest -->
      </class> <!-- com.qa.tests.LoginTest -->
    </test> <!-- Test -->
  </suite> <!-- Suite -->
</testng-results>
